app/build/intermediates/manifest_merge_blame_file/debug/processDebugMainManifest/manifest-merger-blame-debug-report.txt
1<?xml version="1.0" encoding="utf-8"?>
2<manifest xmlns:android="http://schemas.android.com/apk/res/android"
3    package="ru.evrasia.research"
4    android:versionCode="1"
5    android:versionName="dev" >
6
7    <uses-sdk
8        android:minSdkVersion="26"
9        android:targetSdkVersion="35" />
10
11    <uses-permission android:name="android.permission.INTERNET" />
11-->src/main/AndroidManifest.xml:2:5-67
11-->src/main/AndroidManifest.xml:2:22-64
12
13    <permission
13-->[androidx.core:core:1.15.0] AndroidManifest.xml:22:5-24:47
14        android:name="ru.evrasia.research.DYNAMIC_RECEIVER_NOT_EXPORTED_PERMISSION"
14-->[androidx.core:core:1.15.0] AndroidManifest.xml:23:9-81
15        android:protectionLevel="signature" />
15-->[androidx.core:core:1.15.0] AndroidManifest.xml:24:9-44
16
17    <uses-permission android:name="ru.evrasia.research.DYNAMIC_RECEIVER_NOT_EXPORTED_PERMISSION" />
17-->[androidx.core:core:1.15.0] AndroidManifest.xml:26:5-97
17-->[androidx.core:core:1.15.0] AndroidManifest.xml:26:22-94
18
19    <application
19-->src/main/AndroidManifest.xml:3:5-37:19
20        android:name="ru.evrasia.research.WebResearchApp"
20-->src/main/AndroidManifest.xml:4:9-39
21        android:appComponentFactory="androidx.core.app.CoreComponentFactory"
21-->[androidx.core:core:1.15.0] AndroidManifest.xml:28:18-86
22        android:debuggable="true"
23        android:extractNativeLibs="false"
24        android:icon="@drawable/ic_web_research"
24-->src/main/AndroidManifest.xml:7:9-49
25        android:label="web research"
25-->src/main/AndroidManifest.xml:6:9-37
26        android:roundIcon="@drawable/ic_web_research"
26-->src/main/AndroidManifest.xml:8:9-54
27        android:theme="@style/AppTheme"
27-->src/main/AndroidManifest.xml:5:9-40
28        android:usesCleartextTraffic="false" >
28-->src/main/AndroidManifest.xml:9:9-45
29        <provider
30            android:name="ru.evrasia.research.CookieTraceProvider"
30-->src/main/AndroidManifest.xml:11:13-48
31            android:authorities="ru.evrasia.research.cookieTrace"
31-->src/main/AndroidManifest.xml:12:13-63
32            android:exported="false"
32-->src/main/AndroidManifest.xml:13:13-37
33            android:initOrder="100" />
33-->src/main/AndroidManifest.xml:14:13-36
34        <provider
35            android:name="ru.evrasia.research.CookieTraceUiProvider"
35-->src/main/AndroidManifest.xml:16:13-50
36            android:authorities="ru.evrasia.research.cookieTraceUi"
36-->src/main/AndroidManifest.xml:17:13-65
37            android:exported="false"
37-->src/main/AndroidManifest.xml:18:13-37
38            android:initOrder="90" />
38-->src/main/AndroidManifest.xml:19:13-35
39        <provider
40            android:name="androidx.core.content.FileProvider"
40-->src/main/AndroidManifest.xml:21:13-62
41            android:authorities="ru.evrasia.research.files"
41-->src/main/AndroidManifest.xml:22:13-57
42            android:exported="false"
42-->src/main/AndroidManifest.xml:23:13-37
43            android:grantUriPermissions="true" >
43-->src/main/AndroidManifest.xml:24:13-47
44            <meta-data
44-->src/main/AndroidManifest.xml:25:13-27:54
45                android:name="android.support.FILE_PROVIDER_PATHS"
45-->src/main/AndroidManifest.xml:26:17-67
46                android:resource="@xml/file_paths" />
46-->src/main/AndroidManifest.xml:27:17-51
47        </provider>
48
49        <activity
49-->src/main/AndroidManifest.xml:29:9-34:20
50            android:name="ru.evrasia.research.WebResearchV10Activity"
50-->src/main/AndroidManifest.xml:29:19-57
51            android:exported="true" >
51-->src/main/AndroidManifest.xml:29:58-81
52            <intent-filter>
52-->src/main/AndroidManifest.xml:30:13-33:29
53                <action android:name="android.intent.action.MAIN" />
53-->src/main/AndroidManifest.xml:31:17-69
53-->src/main/AndroidManifest.xml:31:25-66
54
55                <category android:name="android.intent.category.LAUNCHER" />
55-->src/main/AndroidManifest.xml:32:17-77
55-->src/main/AndroidManifest.xml:32:27-74
56            </intent-filter>
57        </activity>
58        <activity
58-->src/main/AndroidManifest.xml:35:9-118
59            android:name="ru.evrasia.research.NetworkResearchActivity"
59-->src/main/AndroidManifest.xml:35:19-58
60            android:exported="false"
60-->src/main/AndroidManifest.xml:35:59-83
61            android:label="Сетевые запросы" />
61-->src/main/AndroidManifest.xml:35:84-115
62        <activity
62-->src/main/AndroidManifest.xml:36:9-118
63            android:name="ru.evrasia.research.NetworkDebuggerActivity"
63-->src/main/AndroidManifest.xml:36:19-58
64            android:exported="false"
64-->src/main/AndroidManifest.xml:36:59-83
65            android:label="Сетевые запросы" />
65-->src/main/AndroidManifest.xml:36:84-115
66
67        <provider
67-->[androidx.emoji2:emoji2:1.3.0] AndroidManifest.xml:24:9-32:20
68            android:name="androidx.startup.InitializationProvider"
68-->[androidx.emoji2:emoji2:1.3.0] AndroidManifest.xml:25:13-67
69            android:authorities="ru.evrasia.research.androidx-startup"
69-->[androidx.emoji2:emoji2:1.3.0] AndroidManifest.xml:26:13-68
70            android:exported="false" >
70-->[androidx.emoji2:emoji2:1.3.0] AndroidManifest.xml:27:13-37
71            <meta-data
71-->[androidx.emoji2:emoji2:1.3.0] AndroidManifest.xml:29:13-31:52
72                android:name="androidx.emoji2.text.EmojiCompatInitializer"
72-->[androidx.emoji2:emoji2:1.3.0] AndroidManifest.xml:30:17-75
73                android:value="androidx.startup" />
73-->[androidx.emoji2:emoji2:1.3.0] AndroidManifest.xml:31:17-49
74            <meta-data
74-->[androidx.lifecycle:lifecycle-process:2.6.2] AndroidManifest.xml:29:13-31:52
75                android:name="androidx.lifecycle.ProcessLifecycleInitializer"
75-->[androidx.lifecycle:lifecycle-process:2.6.2] AndroidManifest.xml:30:17-78
76                android:value="androidx.startup" />
76-->[androidx.lifecycle:lifecycle-process:2.6.2] AndroidManifest.xml:31:17-49
77            <meta-data
77-->[androidx.profileinstaller:profileinstaller:1.3.1] AndroidManifest.xml:29:13-31:52
78                android:name="androidx.profileinstaller.ProfileInstallerInitializer"
78-->[androidx.profileinstaller:profileinstaller:1.3.1] AndroidManifest.xml:30:17-85
79                android:value="androidx.startup" />
79-->[androidx.profileinstaller:profileinstaller:1.3.1] AndroidManifest.xml:31:17-49
80        </provider>
81
82        <receiver
82-->[androidx.profileinstaller:profileinstaller:1.3.1] AndroidManifest.xml:34:9-52:20
83            android:name="androidx.profileinstaller.ProfileInstallReceiver"
83-->[androidx.profileinstaller:profileinstaller:1.3.1] AndroidManifest.xml:35:13-76
84            android:directBootAware="false"
84-->[androidx.profileinstaller:profileinstaller:1.3.1] AndroidManifest.xml:36:13-44
85            android:enabled="true"
85-->[androidx.profileinstaller:profileinstaller:1.3.1] AndroidManifest.xml:37:13-35
86            android:exported="true"
86-->[androidx.profileinstaller:profileinstaller:1.3.1] AndroidManifest.xml:38:13-36
87            android:permission="android.permission.DUMP" >
87-->[androidx.profileinstaller:profileinstaller:1.3.1] AndroidManifest.xml:39:13-57
88            <intent-filter>
88-->[androidx.profileinstaller:profileinstaller:1.3.1] AndroidManifest.xml:40:13-42:29
89                <action android:name="androidx.profileinstaller.action.INSTALL_PROFILE" />
89-->[androidx.profileinstaller:profileinstaller:1.3.1] AndroidManifest.xml:41:17-91
89-->[androidx.profileinstaller:profileinstaller:1.3.1] AndroidManifest.xml:41:25-88
90            </intent-filter>
91            <intent-filter>
91-->[androidx.profileinstaller:profileinstaller:1.3.1] AndroidManifest.xml:43:13-45:29
92                <action android:name="androidx.profileinstaller.action.SKIP_FILE" />
92-->[androidx.profileinstaller:profileinstaller:1.3.1] AndroidManifest.xml:44:17-85
92-->[androidx.profileinstaller:profileinstaller:1.3.1] AndroidManifest.xml:44:25-82
93            </intent-filter>
94            <intent-filter>
94-->[androidx.profileinstaller:profileinstaller:1.3.1] AndroidManifest.xml:46:13-48:29
95                <action android:name="androidx.profileinstaller.action.SAVE_PROFILE" />
95-->[androidx.profileinstaller:profileinstaller:1.3.1] AndroidManifest.xml:47:17-88
95-->[androidx.profileinstaller:profileinstaller:1.3.1] AndroidManifest.xml:47:25-85
96            </intent-filter>
97            <intent-filter>
97-->[androidx.profileinstaller:profileinstaller:1.3.1] AndroidManifest.xml:49:13-51:29
98                <action android:name="androidx.profileinstaller.action.BENCHMARK_OPERATION" />
98-->[androidx.profileinstaller:profileinstaller:1.3.1] AndroidManifest.xml:50:17-95
98-->[androidx.profileinstaller:profileinstaller:1.3.1] AndroidManifest.xml:50:25-92
99            </intent-filter>
100        </receiver>
101    </application>
102
103</manifest>